android/app/build/intermediates/manifest_merge_blame_file/debug/processDebugMainManifest/manifest-merger-blame-debug-report.txt
1<?xml version="1.0" encoding="utf-8"?>
2<manifest xmlns:android="http://schemas.android.com/apk/res/android"
3    package="com.orbix.pixora"
4    android:versionCode="100"
5    android:versionName="2.0.0-alpha1" >
6
7    <uses-sdk
8        android:minSdkVersion="26"
9        android:targetSdkVersion="35" />
10
11    <uses-permission android:name="android.permission.INTERNET" />
11-->src\main\AndroidManifest.xml:5:5-66
11-->src\main\AndroidManifest.xml:5:22-64
12    <uses-permission android:name="android.permission.ACCESS_NETWORK_STATE" />
12-->src\main\AndroidManifest.xml:6:5-78
12-->src\main\AndroidManifest.xml:6:22-76
13    <uses-permission android:name="android.permission.SET_WALLPAPER" />
13-->src\main\AndroidManifest.xml:7:5-71
13-->src\main\AndroidManifest.xml:7:22-69
14    <uses-permission android:name="android.permission.SET_WALLPAPER_HINTS" />
14-->src\main\AndroidManifest.xml:8:5-77
14-->src\main\AndroidManifest.xml:8:22-75
15    <uses-permission
15-->src\main\AndroidManifest.xml:9:5-107
16        android:name="android.permission.WRITE_EXTERNAL_STORAGE"
16-->src\main\AndroidManifest.xml:9:22-78
17        android:maxSdkVersion="28" />
17-->src\main\AndroidManifest.xml:9:79-105
18    <uses-permission android:name="android.permission.RECORD_AUDIO" />
18-->src\main\AndroidManifest.xml:10:5-70
18-->src\main\AndroidManifest.xml:10:22-68
19    <uses-permission android:name="android.permission.MODIFY_AUDIO_SETTINGS" />
19-->src\main\AndroidManifest.xml:11:5-79
19-->src\main\AndroidManifest.xml:11:22-77
20    <uses-permission android:name="android.permission.WRITE_SETTINGS" />
20-->src\main\AndroidManifest.xml:12:5-108
20-->src\main\AndroidManifest.xml:12:22-70
21    <uses-permission android:name="com.google.android.gms.permission.AD_ID" />
21-->src\main\AndroidManifest.xml:13:5-78
21-->src\main\AndroidManifest.xml:13:22-76
22    <uses-permission android:name="android.permission.WAKE_LOCK" />
22-->src\main\AndroidManifest.xml:14:5-67
22-->src\main\AndroidManifest.xml:14:22-65
23    <uses-permission android:name="android.permission.FOREGROUND_SERVICE" />
23-->src\main\AndroidManifest.xml:15:5-76
23-->src\main\AndroidManifest.xml:15:22-74
24    <uses-permission android:name="android.permission.FOREGROUND_SERVICE_MEDIA_PLAYBACK" />
24-->src\main\AndroidManifest.xml:16:5-91
24-->src\main\AndroidManifest.xml:16:22-89
25    <uses-permission android:name="android.permission.POST_NOTIFICATIONS" />
25-->src\main\AndroidManifest.xml:17:5-76
25-->src\main\AndroidManifest.xml:17:22-74
26    <uses-permission android:name="com.android.vending.BILLING" />
26-->[com.android.billingclient:billing-ktx:7.1.1] AndroidManifest.xml:9:5-67
26-->[com.android.billingclient:billing-ktx:7.1.1] AndroidManifest.xml:9:22-64
27
28    <queries>
28-->[com.android.billingclient:billing:7.1.1] AndroidManifest.xml:12:5-19:15
29        <intent>
29-->[com.android.billingclient:billing:7.1.1] AndroidManifest.xml:13:9-15:18
30            <action android:name="com.android.vending.billing.InAppBillingService.BIND" />
30-->[com.android.billingclient:billing:7.1.1] AndroidManifest.xml:14:13-91
30-->[com.android.billingclient:billing:7.1.1] AndroidManifest.xml:14:21-88
31        </intent>
32        <intent>
32-->[com.android.billingclient:billing:7.1.1] AndroidManifest.xml:16:9-18:18
33            <action android:name="com.google.android.apps.play.billingtestcompanion.BillingOverrideService.BIND" />
33-->[com.android.billingclient:billing:7.1.1] AndroidManifest.xml:17:13-116
33-->[com.android.billingclient:billing:7.1.1] AndroidManifest.xml:17:21-113
34        </intent>
35        <!-- For browser content -->
36        <intent>
36-->[com.google.android.gms:play-services-ads-lite:23.6.0] AndroidManifest.xml:38:9-44:18
37            <action android:name="android.intent.action.VIEW" />
37-->[com.google.android.gms:play-services-ads-lite:23.6.0] AndroidManifest.xml:39:13-65
37-->[com.google.android.gms:play-services-ads-lite:23.6.0] AndroidManifest.xml:39:21-62
38
39            <category android:name="android.intent.category.BROWSABLE" />
39-->[com.google.android.gms:play-services-ads-lite:23.6.0] AndroidManifest.xml:41:13-74
39-->[com.google.android.gms:play-services-ads-lite:23.6.0] AndroidManifest.xml:41:23-71
40
41            <data android:scheme="https" />
41-->[com.google.android.gms:play-services-ads-lite:23.6.0] AndroidManifest.xml:43:13-44
41-->[com.google.android.gms:play-services-ads-lite:23.6.0] AndroidManifest.xml:43:19-41
42        </intent> <!-- End of browser content -->
43        <!-- For CustomTabsService -->
44        <intent>
44-->[com.google.android.gms:play-services-ads-lite:23.6.0] AndroidManifest.xml:47:9-49:18
45            <action android:name="android.support.customtabs.action.CustomTabsService" />
45-->[com.google.android.gms:play-services-ads-lite:23.6.0] AndroidManifest.xml:48:13-90
45-->[com.google.android.gms:play-services-ads-lite:23.6.0] AndroidManifest.xml:48:21-87
46        </intent> <!-- End of CustomTabsService -->
47        <!-- For MRAID capabilities -->
48        <intent>
48-->[com.google.android.gms:play-services-ads-lite:23.6.0] AndroidManifest.xml:52:9-56:18
49            <action android:name="android.intent.action.INSERT" />
49-->[com.google.android.gms:play-services-ads-lite:23.6.0] AndroidManifest.xml:53:13-67
49-->[com.google.android.gms:play-services-ads-lite:23.6.0] AndroidManifest.xml:53:21-64
50
51            <data android:mimeType="vnd.android.cursor.dir/event" />
51-->[com.google.android.gms:play-services-ads-lite:23.6.0] AndroidManifest.xml:43:13-44
52        </intent>
53        <intent>
53-->[com.google.android.gms:play-services-ads-lite:23.6.0] AndroidManifest.xml:57:9-61:18
54            <action android:name="android.intent.action.VIEW" />
54-->[com.google.android.gms:play-services-ads-lite:23.6.0] AndroidManifest.xml:39:13-65
54-->[com.google.android.gms:play-services-ads-lite:23.6.0] AndroidManifest.xml:39:21-62
55
56            <data android:scheme="sms" />
56-->[com.google.android.gms:play-services-ads-lite:23.6.0] AndroidManifest.xml:43:13-44
56-->[com.google.android.gms:play-services-ads-lite:23.6.0] AndroidManifest.xml:43:19-41
57        </intent>
58        <intent>
58-->[com.google.android.gms:play-services-ads-lite:23.6.0] AndroidManifest.xml:62:9-66:18
59            <action android:name="android.intent.action.DIAL" />
59-->[com.google.android.gms:play-services-ads-lite:23.6.0] AndroidManifest.xml:63:13-65
59-->[com.google.android.gms:play-services-ads-lite:23.6.0] AndroidManifest.xml:63:21-62
60
61            <data android:path="tel:" />
61-->[com.google.android.gms:play-services-ads-lite:23.6.0] AndroidManifest.xml:43:13-44
62        </intent>
63    </queries>
64
65    <uses-permission android:name="android.permission.ACCESS_ADSERVICES_AD_ID" />
65-->[com.google.android.gms:play-services-ads-lite:23.6.0] AndroidManifest.xml:27:5-82
65-->[com.google.android.gms:play-services-ads-lite:23.6.0] AndroidManifest.xml:27:22-79
66    <uses-permission android:name="android.permission.ACCESS_ADSERVICES_ATTRIBUTION" />
66-->[com.google.android.gms:play-services-ads-lite:23.6.0] AndroidManifest.xml:28:5-88
66-->[com.google.android.gms:play-services-ads-lite:23.6.0] AndroidManifest.xml:28:22-85
67    <uses-permission android:name="android.permission.ACCESS_ADSERVICES_TOPICS" />
67-->[com.google.android.gms:play-services-ads-lite:23.6.0] AndroidManifest.xml:29:5-83
67-->[com.google.android.gms:play-services-ads-lite:23.6.0] AndroidManifest.xml:29:22-80
68
69    <permission
69-->[androidx.core:core:1.15.0] AndroidManifest.xml:22:5-24:47
70        android:name="com.orbix.pixora.DYNAMIC_RECEIVER_NOT_EXPORTED_PERMISSION"
70-->[androidx.core:core:1.15.0] AndroidManifest.xml:23:9-81
71        android:protectionLevel="signature" />
71-->[androidx.core:core:1.15.0] AndroidManifest.xml:24:9-44
72
73    <uses-permission android:name="com.orbix.pixora.DYNAMIC_RECEIVER_NOT_EXPORTED_PERMISSION" />
73-->[androidx.core:core:1.15.0] AndroidManifest.xml:26:5-97
73-->[androidx.core:core:1.15.0] AndroidManifest.xml:26:22-94
74
75    <application
75-->src\main\AndroidManifest.xml:19:5-120:19
76        android:name="com.orbix.pixora.PixoraApp"
76-->src\main\AndroidManifest.xml:20:9-34
77        android:allowBackup="false"
77-->src\main\AndroidManifest.xml:25:9-36
78        android:appComponentFactory="androidx.core.app.CoreComponentFactory"
78-->[androidx.core:core:1.15.0] AndroidManifest.xml:28:18-86
79        android:debuggable="true"
80        android:extractNativeLibs="false"
81        android:icon="@mipmap/ic_launcher"
81-->src\main\AndroidManifest.xml:22:9-43
82        android:label="@string/app_name"
82-->src\main\AndroidManifest.xml:21:9-41
83        android:theme="@style/Theme.Pixora.Splash"
83-->src\main\AndroidManifest.xml:23:9-51
84        android:usesCleartextTraffic="false" >
84-->src\main\AndroidManifest.xml:24:9-45
85        <activity
85-->src\main\AndroidManifest.xml:28:9-40:20
86            android:name="com.orbix.pixora.MainActivity"
86-->src\main\AndroidManifest.xml:29:13-41
87            android:configChanges="orientation|keyboardHidden|keyboard|screenSize|smallestScreenSize|locale|layoutDirection|fontScale|screenLayout|density|uiMode"
87-->src\main\AndroidManifest.xml:33:13-163
88            android:exported="true"
88-->src\main\AndroidManifest.xml:30:13-36
89            android:hardwareAccelerated="true"
89-->src\main\AndroidManifest.xml:34:13-47
90            android:launchMode="singleTop"
90-->src\main\AndroidManifest.xml:31:13-43
91            android:theme="@style/Theme.Pixora.Splash"
91-->src\main\AndroidManifest.xml:32:13-55
92            android:windowSoftInputMode="adjustResize" >
92-->src\main\AndroidManifest.xml:35:13-55
93            <intent-filter>
93-->src\main\AndroidManifest.xml:36:13-39:29
94                <action android:name="android.intent.action.MAIN" />
94-->src\main\AndroidManifest.xml:37:17-68
94-->src\main\AndroidManifest.xml:37:25-66
95
96                <category android:name="android.intent.category.LAUNCHER" />
96-->src\main\AndroidManifest.xml:38:17-76
96-->src\main\AndroidManifest.xml:38:27-74
97            </intent-filter>
98        </activity>
99
100        <!--
101             Live wallpaper service — plays cacheDir/current_live.mp4 looped.
102             Lives in a separate :wallpaper process so future GL/Canvas
103             renderers can be added without sharing a Surface with MediaPlayer
104             (see memory tech_wallpaper_surface_canvas_video).
105        -->
106        <service
106-->src\main\AndroidManifest.xml:46:9-58:19
107            android:name="com.orbix.pixora.PixoraLiveWallpaperService"
107-->src\main\AndroidManifest.xml:47:13-55
108            android:exported="true"
108-->src\main\AndroidManifest.xml:48:13-36
109            android:label="@string/wallpaper_label"
109-->src\main\AndroidManifest.xml:50:13-52
110            android:permission="android.permission.BIND_WALLPAPER"
110-->src\main\AndroidManifest.xml:51:13-67
111            android:process=":wallpaper" >
111-->src\main\AndroidManifest.xml:49:13-41
112            <intent-filter>
112-->src\main\AndroidManifest.xml:52:13-54:29
113                <action android:name="android.service.wallpaper.WallpaperService" />
113-->src\main\AndroidManifest.xml:53:17-84
113-->src\main\AndroidManifest.xml:53:25-82
114            </intent-filter>
115
116            <meta-data
116-->src\main\AndroidManifest.xml:55:13-57:57
117                android:name="android.service.wallpaper"
117-->src\main\AndroidManifest.xml:56:17-57
118                android:resource="@xml/live_wallpaper" />
118-->src\main\AndroidManifest.xml:57:17-55
119        </service>
120
121        <!--
122             Static / panoramic image wallpaper service — Canvas-based.
123             Reads bitmap path from cacheDir/current_static.path. Lives in
124             its own :wallpaperstatic process (NOT :wallpaper, which is for
125             MediaPlayer) because a single WallpaperService.Engine Surface
126             can only have ONE producer at a time (Canvas OR MediaPlayer).
127             See v1 PixoraWallpaperService class header + memory
128             tech_wallpaper_surface_canvas_video for the full pitfall.
129        -->
130        <service
130-->src\main\AndroidManifest.xml:67:9-79:19
131            android:name="com.orbix.pixora.PixoraStaticWallpaperService"
131-->src\main\AndroidManifest.xml:68:13-57
132            android:exported="true"
132-->src\main\AndroidManifest.xml:69:13-36
133            android:label="@string/wallpaper_label"
133-->src\main\AndroidManifest.xml:71:13-52
134            android:permission="android.permission.BIND_WALLPAPER"
134-->src\main\AndroidManifest.xml:72:13-67
135            android:process=":wallpaperstatic" >
135-->src\main\AndroidManifest.xml:70:13-47
136            <intent-filter>
136-->src\main\AndroidManifest.xml:52:13-54:29
137                <action android:name="android.service.wallpaper.WallpaperService" />
137-->src\main\AndroidManifest.xml:53:17-84
137-->src\main\AndroidManifest.xml:53:25-82
138            </intent-filter>
139
140            <meta-data
140-->src\main\AndroidManifest.xml:55:13-57:57
141                android:name="android.service.wallpaper"
141-->src\main\AndroidManifest.xml:56:17-57
142                android:resource="@xml/static_wallpaper" />
142-->src\main\AndroidManifest.xml:57:17-55
143        </service>
144
145        <!--
146TODO v2 session 2: re-enable when gl.ShaderWallpaperService is ported from .kt.legacy
147<service
148            android:name=".gl.ShaderWallpaperService"
149            android:exported="true"
150            android:process=":shaderwallpaper"
151            android:label="@string/shader_wallpaper_label"
152            android:permission="android.permission.BIND_WALLPAPER">
153            <intent-filter>
154                <action android:name="android.service.wallpaper.WallpaperService"/>
155            </intent-filter>
156            <meta-data
157                android:name="android.service.wallpaper"
158                android:resource="@xml/shader_wallpaper"/>
159        </service>
160        -->
161
162
163        <!--
164             FileProvider for sharing temp wallpaper bitmaps with Samsung's
165             native crop+set picker (getCropAndSetWallpaperIntent).
166        -->
167        <provider
168            android:name="androidx.core.content.FileProvider"
168-->src\main\AndroidManifest.xml:100:13-62
169            android:authorities="com.orbix.pixora.fileprovider"
169-->src\main\AndroidManifest.xml:101:13-64
170            android:exported="false"
170-->src\main\AndroidManifest.xml:102:13-37
171            android:grantUriPermissions="true" >
171-->src\main\AndroidManifest.xml:103:13-47
172            <meta-data
172-->src\main\AndroidManifest.xml:104:13-106:53
173                android:name="android.support.FILE_PROVIDER_PATHS"
173-->src\main\AndroidManifest.xml:105:17-67
174                android:resource="@xml/file_paths" />
174-->src\main\AndroidManifest.xml:106:17-51
175        </provider>
176
177        <meta-data
177-->src\main\AndroidManifest.xml:109:9-111:69
178            android:name="com.google.android.gms.ads.APPLICATION_ID"
178-->src\main\AndroidManifest.xml:110:13-69
179            android:value="ca-app-pub-6734758230109098~5773436794" />
179-->src\main\AndroidManifest.xml:111:13-67
180
181        <!--
182             Manifest merger conflict resolution: AdMob (play-services-ads)
183             and Firebase Analytics both declare AD_SERVICES_CONFIG property.
184             We side with AdMob version (more specific for our ad-heavy app).
185        -->
186        <property
186-->src\main\AndroidManifest.xml:116:9-119:48
187            android:name="android.adservices.AD_SERVICES_CONFIG"
187-->src\main\AndroidManifest.xml:117:13-65
188            android:resource="@xml/gma_ad_services_config" />
188-->src\main\AndroidManifest.xml:118:13-59
189
190        <meta-data
190-->[com.android.billingclient:billing:7.1.1] AndroidManifest.xml:22:9-24:37
191            android:name="com.google.android.play.billingclient.version"
191-->[com.android.billingclient:billing:7.1.1] AndroidManifest.xml:23:13-73
192            android:value="7.1.1" />
192-->[com.android.billingclient:billing:7.1.1] AndroidManifest.xml:24:13-34
193
194        <activity
194-->[com.android.billingclient:billing:7.1.1] AndroidManifest.xml:26:9-30:75
195            android:name="com.android.billingclient.api.ProxyBillingActivity"
195-->[com.android.billingclient:billing:7.1.1] AndroidManifest.xml:27:13-78
196            android:configChanges="keyboard|keyboardHidden|screenLayout|screenSize|orientation"
196-->[com.android.billingclient:billing:7.1.1] AndroidManifest.xml:28:13-96
197            android:exported="false"
197-->[com.android.billingclient:billing:7.1.1] AndroidManifest.xml:29:13-37
198            android:theme="@android:style/Theme.Translucent.NoTitleBar" />
198-->[com.android.billingclient:billing:7.1.1] AndroidManifest.xml:30:13-72
199        <activity
199-->[com.android.billingclient:billing:7.1.1] AndroidManifest.xml:31:9-35:75
200            android:name="com.android.billingclient.api.ProxyBillingActivityV2"
200-->[com.android.billingclient:billing:7.1.1] AndroidManifest.xml:32:13-80
201            android:configChanges="keyboard|keyboardHidden|screenLayout|screenSize|orientation"
201-->[com.android.billingclient:billing:7.1.1] AndroidManifest.xml:33:13-96
202            android:exported="false"
202-->[com.android.billingclient:billing:7.1.1] AndroidManifest.xml:34:13-37
203            android:theme="@android:style/Theme.Translucent.NoTitleBar" /> <!-- Include the AdActivity and InAppPurchaseActivity configChanges and themes. -->
203-->[com.android.billingclient:billing:7.1.1] AndroidManifest.xml:35:13-72
204        <activity
204-->[com.google.android.gms:play-services-ads-lite:23.6.0] AndroidManifest.xml:73:9-78:43
205            android:name="com.google.android.gms.ads.AdActivity"
205-->[com.google.android.gms:play-services-ads-lite:23.6.0] AndroidManifest.xml:74:13-65
206            android:configChanges="keyboard|keyboardHidden|orientation|screenLayout|uiMode|screenSize|smallestScreenSize"
206-->[com.google.android.gms:play-services-ads-lite:23.6.0] AndroidManifest.xml:75:13-122
207            android:exported="false"
207-->[com.google.android.gms:play-services-ads-lite:23.6.0] AndroidManifest.xml:76:13-37
208            android:theme="@android:style/Theme.Translucent" />
208-->[com.google.android.gms:play-services-ads-lite:23.6.0] AndroidManifest.xml:77:13-61
209
210        <provider
210-->[com.google.android.gms:play-services-ads-lite:23.6.0] AndroidManifest.xml:80:9-85:43
211            android:name="com.google.android.gms.ads.MobileAdsInitProvider"
211-->[com.google.android.gms:play-services-ads-lite:23.6.0] AndroidManifest.xml:81:13-76
212            android:authorities="com.orbix.pixora.mobileadsinitprovider"
212-->[com.google.android.gms:play-services-ads-lite:23.6.0] AndroidManifest.xml:82:13-73
213            android:exported="false"
213-->[com.google.android.gms:play-services-ads-lite:23.6.0] AndroidManifest.xml:83:13-37
214            android:initOrder="100" />
214-->[com.google.android.gms:play-services-ads-lite:23.6.0] AndroidManifest.xml:84:13-36
215
216        <service
216-->[com.google.android.gms:play-services-ads-lite:23.6.0] AndroidManifest.xml:87:9-91:43
217            android:name="com.google.android.gms.ads.AdService"
217-->[com.google.android.gms:play-services-ads-lite:23.6.0] AndroidManifest.xml:88:13-64
218            android:enabled="true"
218-->[com.google.android.gms:play-services-ads-lite:23.6.0] AndroidManifest.xml:89:13-35
219            android:exported="false" />
219-->[com.google.android.gms:play-services-ads-lite:23.6.0] AndroidManifest.xml:90:13-37
220
221        <activity
221-->[com.google.android.gms:play-services-ads-lite:23.6.0] AndroidManifest.xml:93:9-97:43
222            android:name="com.google.android.gms.ads.OutOfContextTestingActivity"
222-->[com.google.android.gms:play-services-ads-lite:23.6.0] AndroidManifest.xml:94:13-82
223            android:configChanges="keyboard|keyboardHidden|orientation|screenLayout|uiMode|screenSize|smallestScreenSize"
223-->[com.google.android.gms:play-services-ads-lite:23.6.0] AndroidManifest.xml:95:13-122
224            android:exported="false" />
224-->[com.google.android.gms:play-services-ads-lite:23.6.0] AndroidManifest.xml:96:13-37
225        <activity
225-->[com.google.android.gms:play-services-ads-lite:23.6.0] AndroidManifest.xml:98:9-105:43
226            android:name="com.google.android.gms.ads.NotificationHandlerActivity"
226-->[com.google.android.gms:play-services-ads-lite:23.6.0] AndroidManifest.xml:99:13-82
227            android:excludeFromRecents="true"
227-->[com.google.android.gms:play-services-ads-lite:23.6.0] AndroidManifest.xml:100:13-46
228            android:exported="false"
228-->[com.google.android.gms:play-services-ads-lite:23.6.0] AndroidManifest.xml:101:13-37
229            android:launchMode="singleTask"
229-->[com.google.android.gms:play-services-ads-lite:23.6.0] AndroidManifest.xml:102:13-44
230            android:taskAffinity=""
230-->[com.google.android.gms:play-services-ads-lite:23.6.0] AndroidManifest.xml:103:13-36
231            android:theme="@android:style/Theme.Translucent.NoTitleBar" />
231-->[com.google.android.gms:play-services-ads-lite:23.6.0] AndroidManifest.xml:104:13-72
232
233        <service
233-->[androidx.credentials:credentials-play-services-auth:1.3.0] AndroidManifest.xml:24:9-32:19
234            android:name="androidx.credentials.playservices.CredentialProviderMetadataHolder"
234-->[androidx.credentials:credentials-play-services-auth:1.3.0] AndroidManifest.xml:25:13-94
235            android:enabled="true"
235-->[androidx.credentials:credentials-play-services-auth:1.3.0] AndroidManifest.xml:26:13-35
236            android:exported="false" >
236-->[androidx.credentials:credentials-play-services-auth:1.3.0] AndroidManifest.xml:27:13-37
237            <meta-data
237-->[androidx.credentials:credentials-play-services-auth:1.3.0] AndroidManifest.xml:29:13-31:104
238                android:name="androidx.credentials.CREDENTIAL_PROVIDER_KEY"
238-->[androidx.credentials:credentials-play-services-auth:1.3.0] AndroidManifest.xml:30:17-76
239                android:value="androidx.credentials.playservices.CredentialProviderPlayServicesImpl" />
239-->[androidx.credentials:credentials-play-services-auth:1.3.0] AndroidManifest.xml:31:17-101
240        </service>
241
242        <activity
242-->[androidx.credentials:credentials-play-services-auth:1.3.0] AndroidManifest.xml:34:9-41:20
243            android:name="androidx.credentials.playservices.HiddenActivity"
243-->[androidx.credentials:credentials-play-services-auth:1.3.0] AndroidManifest.xml:35:13-76
244            android:configChanges="orientation|screenSize|screenLayout|keyboardHidden"
244-->[androidx.credentials:credentials-play-services-auth:1.3.0] AndroidManifest.xml:36:13-87
245            android:enabled="true"
245-->[androidx.credentials:credentials-play-services-auth:1.3.0] AndroidManifest.xml:37:13-35
246            android:exported="false"
246-->[androidx.credentials:credentials-play-services-auth:1.3.0] AndroidManifest.xml:38:13-37
247            android:fitsSystemWindows="true"
247-->[androidx.credentials:credentials-play-services-auth:1.3.0] AndroidManifest.xml:39:13-45
248            android:theme="@style/Theme.Hidden" >
248-->[androidx.credentials:credentials-play-services-auth:1.3.0] AndroidManifest.xml:40:13-48
249        </activity>
250        <activity
250-->[com.google.android.gms:play-services-auth:21.1.1] AndroidManifest.xml:23:9-27:75
251            android:name="com.google.android.gms.auth.api.signin.internal.SignInHubActivity"
251-->[com.google.android.gms:play-services-auth:21.1.1] AndroidManifest.xml:24:13-93
252            android:excludeFromRecents="true"
252-->[com.google.android.gms:play-services-auth:21.1.1] AndroidManifest.xml:25:13-46
253            android:exported="false"
253-->[com.google.android.gms:play-services-auth:21.1.1] AndroidManifest.xml:26:13-37
254            android:theme="@android:style/Theme.Translucent.NoTitleBar" />
254-->[com.google.android.gms:play-services-auth:21.1.1] AndroidManifest.xml:27:13-72
255        <!--
256            Service handling Google Sign-In user revocation. For apps that do not integrate with
257            Google Sign-In, this service will never be started.
258        -->
259        <service
259-->[com.google.android.gms:play-services-auth:21.1.1] AndroidManifest.xml:33:9-37:51
260            android:name="com.google.android.gms.auth.api.signin.RevocationBoundService"
260-->[com.google.android.gms:play-services-auth:21.1.1] AndroidManifest.xml:34:13-89
261            android:exported="true"
261-->[com.google.android.gms:play-services-auth:21.1.1] AndroidManifest.xml:35:13-36
262            android:permission="com.google.android.gms.auth.api.signin.permission.REVOCATION_NOTIFICATION"
262-->[com.google.android.gms:play-services-auth:21.1.1] AndroidManifest.xml:36:13-107
263            android:visibleToInstantApps="true" />
263-->[com.google.android.gms:play-services-auth:21.1.1] AndroidManifest.xml:37:13-48
264
265        <activity
265-->[com.google.android.gms:play-services-base:18.5.0] AndroidManifest.xml:5:9-173
266            android:name="com.google.android.gms.common.api.GoogleApiActivity"
266-->[com.google.android.gms:play-services-base:18.5.0] AndroidManifest.xml:5:19-85
267            android:exported="false"
267-->[com.google.android.gms:play-services-base:18.5.0] AndroidManifest.xml:5:146-170
268            android:theme="@android:style/Theme.Translucent.NoTitleBar" />
268-->[com.google.android.gms:play-services-base:18.5.0] AndroidManifest.xml:5:86-145
269
270        <meta-data
270-->[com.google.android.gms:play-services-basement:18.4.0] AndroidManifest.xml:6:9-122
271            android:name="com.google.android.gms.version"
271-->[com.google.android.gms:play-services-basement:18.4.0] AndroidManifest.xml:6:20-65
272            android:value="@integer/google_play_services_version" />
272-->[com.google.android.gms:play-services-basement:18.4.0] AndroidManifest.xml:6:66-119
273
274        <activity
274-->[androidx.compose.ui:ui-tooling-android:1.7.6] AndroidManifest.xml:23:9-25:39
275            android:name="androidx.compose.ui.tooling.PreviewActivity"
275-->[androidx.compose.ui:ui-tooling-android:1.7.6] AndroidManifest.xml:24:13-71
276            android:exported="true" />
276-->[androidx.compose.ui:ui-tooling-android:1.7.6] AndroidManifest.xml:25:13-36
277
278        <provider
278-->[androidx.work:work-runtime:2.9.1] AndroidManifest.xml:29:9-37:20
279            android:name="androidx.startup.InitializationProvider"
279-->[androidx.work:work-runtime:2.9.1] AndroidManifest.xml:30:13-67
280            android:authorities="com.orbix.pixora.androidx-startup"
280-->[androidx.work:work-runtime:2.9.1] AndroidManifest.xml:31:13-68
281            android:exported="false" >
281-->[androidx.work:work-runtime:2.9.1] AndroidManifest.xml:32:13-37
282            <meta-data
282-->[androidx.work:work-runtime:2.9.1] AndroidManifest.xml:34:13-36:52
283                android:name="androidx.work.WorkManagerInitializer"
283-->[androidx.work:work-runtime:2.9.1] AndroidManifest.xml:35:17-68
284                android:value="androidx.startup" />
284-->[androidx.work:work-runtime:2.9.1] AndroidManifest.xml:36:17-49
285            <meta-data
285-->[io.github.jan-tennert.supabase:storage-kt-android-debug:3.0.3] AndroidManifest.xml:14:13-16:52
286                android:name="io.github.jan.supabase.storage.SupabaseInitializer"
286-->[io.github.jan-tennert.supabase:storage-kt-android-debug:3.0.3] AndroidManifest.xml:15:17-82
287                android:value="androidx.startup" />
287-->[io.github.jan-tennert.supabase:storage-kt-android-debug:3.0.3] AndroidManifest.xml:16:17-49
288            <meta-data
288-->[io.github.jan-tennert.supabase:auth-kt-android-debug:3.0.3] AndroidManifest.xml:14:13-16:52
289                android:name="io.github.jan.supabase.auth.SupabaseInitializer"
289-->[io.github.jan-tennert.supabase:auth-kt-android-debug:3.0.3] AndroidManifest.xml:15:17-79
290                android:value="androidx.startup" />
290-->[io.github.jan-tennert.supabase:auth-kt-android-debug:3.0.3] AndroidManifest.xml:16:17-49
291            <meta-data
291-->[androidx.emoji2:emoji2:1.3.0] AndroidManifest.xml:29:13-31:52
292                android:name="androidx.emoji2.text.EmojiCompatInitializer"
292-->[androidx.emoji2:emoji2:1.3.0] AndroidManifest.xml:30:17-75
293                android:value="androidx.startup" />
293-->[androidx.emoji2:emoji2:1.3.0] AndroidManifest.xml:31:17-49
294            <meta-data
294-->[androidx.lifecycle:lifecycle-process:2.8.7] AndroidManifest.xml:29:13-31:52
295                android:name="androidx.lifecycle.ProcessLifecycleInitializer"
295-->[androidx.lifecycle:lifecycle-process:2.8.7] AndroidManifest.xml:30:17-78
296                android:value="androidx.startup" />
296-->[androidx.lifecycle:lifecycle-process:2.8.7] AndroidManifest.xml:31:17-49
297            <meta-data
297-->[com.russhwolf:multiplatform-settings-no-arg-android-debug:1.3.0] AndroidManifest.xml:29:13-31:52
298                android:name="com.russhwolf.settings.SettingsInitializer"
298-->[com.russhwolf:multiplatform-settings-no-arg-android-debug:1.3.0] AndroidManifest.xml:30:17-74
299                android:value="androidx.startup" />
299-->[com.russhwolf:multiplatform-settings-no-arg-android-debug:1.3.0] AndroidManifest.xml:31:17-49
300            <meta-data
300-->[androidx.profileinstaller:profileinstaller:1.4.1] AndroidManifest.xml:29:13-31:52
301                android:name="androidx.profileinstaller.ProfileInstallerInitializer"